{"/Users/nataliia/Documents/GitHub/cookbook/src/index.js": {"path":"/Users/nataliia/Documents/GitHub/cookbook/src/index.js","statementMap":{"0":{"start":{"line":6,"column":0},"end":{"line":6,"column":58}}},"fnMap":{},"branchMap":{},"s":{"0":1},"f":{},"b":{},"_coverageSchema":"43e27e138ebf9cfc5966b082cf9a028302ed4184","hash":"218f84803a7261bfd58bd102a490a29049be1352"}
,"/Users/nataliia/Documents/GitHub/cookbook/src/components/App/App.js": {"path":"/Users/nataliia/Documents/GitHub/cookbook/src/components/App/App.js","statementMap":{"0":{"start":{"line":11,"column":15},"end":{"line":11,"column":32}},"1":{"start":{"line":13,"column":22},"end":{"line":17,"column":1}},"2":{"start":{"line":14,"column":2},"end":{"line":16,"column":4}},"3":{"start":{"line":15,"column":4},"end":{"line":15,"column":60}},"4":{"start":{"line":19,"column":22},"end":{"line":23,"column":1}},"5":{"start":{"line":26,"column":10},"end":{"line":32,"column":3}},"6":{"start":{"line":44,"column":4},"end":{"line":57,"column":9}},"7":{"start":{"line":46,"column":8},"end":{"line":46,"column":35}},"8":{"start":{"line":47,"column":8},"end":{"line":47,"column":65}},"9":{"start":{"line":50,"column":24},"end":{"line":50,"column":55}},"10":{"start":{"line":51,"column":8},"end":{"line":53,"column":9}},"11":{"start":{"line":52,"column":10},"end":{"line":52,"column":58}},"12":{"start":{"line":56,"column":8},"end":{"line":56,"column":29}},"13":{"start":{"line":61,"column":24},"end":{"line":61,"column":34}},"14":{"start":{"line":63,"column":4},"end":{"line":65,"column":5}},"15":{"start":{"line":64,"column":6},"end":{"line":64,"column":63}},"16":{"start":{"line":69,"column":17},"end":{"line":71,"column":3}},"17":{"start":{"line":70,"column":4},"end":{"line":70,"column":46}},"18":{"start":{"line":74,"column":26},"end":{"line":76,"column":3}},"19":{"start":{"line":75,"column":4},"end":{"line":75,"column":40}},"20":{"start":{"line":78,"column":27},"end":{"line":80,"column":3}},"21":{"start":{"line":79,"column":4},"end":{"line":79,"column":41}},"22":{"start":{"line":82,"column":14},"end":{"line":95,"column":3}},"23":{"start":{"line":83,"column":24},"end":{"line":86,"column":5}},"24":{"start":{"line":88,"column":4},"end":{"line":94,"column":44}},"25":{"start":{"line":90,"column":8},"end":{"line":92,"column":12}},"26":{"start":{"line":90,"column":32},"end":{"line":92,"column":9}},"27":{"start":{"line":98,"column":17},"end":{"line":104,"column":3}},"28":{"start":{"line":99,"column":4},"end":{"line":103,"column":7}},"29":{"start":{"line":100,"column":6},"end":{"line":102,"column":10}},"30":{"start":{"line":100,"column":30},"end":{"line":102,"column":7}},"31":{"start":{"line":101,"column":48},"end":{"line":101,"column":64}},"32":{"start":{"line":107,"column":24},"end":{"line":112,"column":3}},"33":{"start":{"line":108,"column":4},"end":{"line":111,"column":7}},"34":{"start":{"line":114,"column":25},"end":{"line":119,"column":3}},"35":{"start":{"line":115,"column":4},"end":{"line":118,"column":7}},"36":{"start":{"line":121,"column":17},"end":{"line":137,"column":3}},"37":{"start":{"line":122,"column":4},"end":{"line":136,"column":7}},"38":{"start":{"line":128,"column":6},"end":{"line":135,"column":8}},"39":{"start":{"line":129,"column":18},"end":{"line":133,"column":9}},"40":{"start":{"line":131,"column":12},"end":{"line":131,"column":72}},"41":{"start":{"line":146,"column":8},"end":{"line":146,"column":18}},"42":{"start":{"line":147,"column":28},"end":{"line":147,"column":58}},"43":{"start":{"line":148,"column":25},"end":{"line":148,"column":69}},"44":{"start":{"line":148,"column":43},"end":{"line":148,"column":68}},"45":{"start":{"line":150,"column":4},"end":{"line":208,"column":6}}},"fnMap":{"0":{"name":"(anonymous_0)","decl":{"start":{"line":13,"column":22},"end":{"line":13,"column":23}},"loc":{"start":{"line":13,"column":43},"end":{"line":17,"column":1}},"line":13},"1":{"name":"(anonymous_1)","decl":{"start":{"line":14,"column":24},"end":{"line":14,"column":25}},"loc":{"start":{"line":15,"column":4},"end":{"line":15,"column":60}},"line":15},"2":{"name":"(anonymous_2)","decl":{"start":{"line":43,"column":2},"end":{"line":43,"column":3}},"loc":{"start":{"line":43,"column":22},"end":{"line":58,"column":3}},"line":43},"3":{"name":"(anonymous_3)","decl":{"start":{"line":45,"column":12},"end":{"line":45,"column":13}},"loc":{"start":{"line":45,"column":23},"end":{"line":48,"column":7}},"line":45},"4":{"name":"(anonymous_4)","decl":{"start":{"line":49,"column":13},"end":{"line":49,"column":14}},"loc":{"start":{"line":49,"column":19},"end":{"line":54,"column":7}},"line":49},"5":{"name":"(anonymous_5)","decl":{"start":{"line":55,"column":13},"end":{"line":55,"column":14}},"loc":{"start":{"line":55,"column":22},"end":{"line":57,"column":7}},"line":55},"6":{"name":"(anonymous_6)","decl":{"start":{"line":60,"column":2},"end":{"line":60,"column":3}},"loc":{"start":{"line":60,"column":43},"end":{"line":66,"column":3}},"line":60},"7":{"name":"(anonymous_7)","decl":{"start":{"line":69,"column":17},"end":{"line":69,"column":18}},"loc":{"start":{"line":69,"column":22},"end":{"line":71,"column":3}},"line":69},"8":{"name":"(anonymous_8)","decl":{"start":{"line":74,"column":26},"end":{"line":74,"column":27}},"loc":{"start":{"line":74,"column":32},"end":{"line":76,"column":3}},"line":74},"9":{"name":"(anonymous_9)","decl":{"start":{"line":78,"column":27},"end":{"line":78,"column":28}},"loc":{"start":{"line":78,"column":33},"end":{"line":80,"column":3}},"line":78},"10":{"name":"(anonymous_10)","decl":{"start":{"line":82,"column":14},"end":{"line":82,"column":15}},"loc":{"start":{"line":82,"column":24},"end":{"line":95,"column":3}},"line":82},"11":{"name":"(anonymous_11)","decl":{"start":{"line":89,"column":12},"end":{"line":89,"column":13}},"loc":{"start":{"line":89,"column":27},"end":{"line":93,"column":7}},"line":89},"12":{"name":"(anonymous_12)","decl":{"start":{"line":90,"column":22},"end":{"line":90,"column":23}},"loc":{"start":{"line":90,"column":32},"end":{"line":92,"column":9}},"line":90},"13":{"name":"(anonymous_13)","decl":{"start":{"line":98,"column":17},"end":{"line":98,"column":18}},"loc":{"start":{"line":98,"column":23},"end":{"line":104,"column":3}},"line":98},"14":{"name":"(anonymous_14)","decl":{"start":{"line":99,"column":30},"end":{"line":99,"column":31}},"loc":{"start":{"line":99,"column":36},"end":{"line":103,"column":5}},"line":99},"15":{"name":"(anonymous_15)","decl":{"start":{"line":100,"column":20},"end":{"line":100,"column":21}},"loc":{"start":{"line":100,"column":30},"end":{"line":102,"column":7}},"line":100},"16":{"name":"(anonymous_16)","decl":{"start":{"line":101,"column":38},"end":{"line":101,"column":39}},"loc":{"start":{"line":101,"column":48},"end":{"line":101,"column":64}},"line":101},"17":{"name":"(anonymous_17)","decl":{"start":{"line":107,"column":24},"end":{"line":107,"column":25}},"loc":{"start":{"line":107,"column":30},"end":{"line":112,"column":3}},"line":107},"18":{"name":"(anonymous_18)","decl":{"start":{"line":114,"column":25},"end":{"line":114,"column":26}},"loc":{"start":{"line":114,"column":31},"end":{"line":119,"column":3}},"line":114},"19":{"name":"(anonymous_19)","decl":{"start":{"line":121,"column":17},"end":{"line":121,"column":18}},"loc":{"start":{"line":121,"column":51},"end":{"line":137,"column":3}},"line":121},"20":{"name":"(anonymous_20)","decl":{"start":{"line":127,"column":12},"end":{"line":127,"column":13}},"loc":{"start":{"line":127,"column":28},"end":{"line":136,"column":5}},"line":127},"21":{"name":"(anonymous_21)","decl":{"start":{"line":129,"column":8},"end":{"line":129,"column":9}},"loc":{"start":{"line":129,"column":18},"end":{"line":133,"column":9}},"line":129},"22":{"name":"(anonymous_22)","decl":{"start":{"line":130,"column":37},"end":{"line":130,"column":38}},"loc":{"start":{"line":131,"column":12},"end":{"line":131,"column":72}},"line":131},"23":{"name":"(anonymous_23)","decl":{"start":{"line":139,"column":2},"end":{"line":139,"column":3}},"loc":{"start":{"line":139,"column":11},"end":{"line":209,"column":3}},"line":139},"24":{"name":"(anonymous_24)","decl":{"start":{"line":148,"column":38},"end":{"line":148,"column":39}},"loc":{"start":{"line":148,"column":43},"end":{"line":148,"column":68}},"line":148}},"branchMap":{"0":{"loc":{"start":{"line":51,"column":8},"end":{"line":53,"column":9}},"type":"if","locations":[{"start":{"line":51,"column":8},"end":{"line":53,"column":9}},{"start":{"line":51,"column":8},"end":{"line":53,"column":9}}],"line":51},"1":{"loc":{"start":{"line":63,"column":4},"end":{"line":65,"column":5}},"type":"if","locations":[{"start":{"line":63,"column":4},"end":{"line":65,"column":5}},{"start":{"line":63,"column":4},"end":{"line":65,"column":5}}],"line":63},"2":{"loc":{"start":{"line":131,"column":12},"end":{"line":131,"column":72}},"type":"cond-expr","locations":[{"start":{"line":131,"column":51},"end":{"line":131,"column":63}},{"start":{"line":131,"column":66},"end":{"line":131,"column":72}}],"line":131},"3":{"loc":{"start":{"line":184,"column":13},"end":{"line":191,"column":13}},"type":"binary-expr","locations":[{"start":{"line":184,"column":13},"end":{"line":184,"column":23}},{"start":{"line":185,"column":14},"end":{"line":190,"column":22}}],"line":184},"4":{"loc":{"start":{"line":192,"column":13},"end":{"line":204,"column":13}},"type":"binary-expr","locations":[{"start":{"line":192,"column":13},"end":{"line":192,"column":22}},{"start":{"line":193,"column":14},"end":{"line":203,"column":22}}],"line":192}},"s":{"0":2,"1":2,"2":20,"3":0,"4":2,"5":14,"6":14,"7":0,"8":0,"9":0,"10":0,"11":0,"12":0,"13":6,"14":6,"15":0,"16":14,"17":0,"18":14,"19":0,"20":14,"21":0,"22":14,"23":0,"24":0,"25":0,"26":0,"27":14,"28":0,"29":0,"30":0,"31":0,"32":14,"33":0,"34":14,"35":0,"36":14,"37":0,"38":0,"39":0,"40":0,"41":20,"42":20,"43":20,"44":0,"45":20},"f":{"0":20,"1":0,"2":14,"3":0,"4":0,"5":0,"6":6,"7":0,"8":0,"9":0,"10":0,"11":0,"12":0,"13":0,"14":0,"15":0,"16":0,"17":0,"18":0,"19":0,"20":0,"21":0,"22":0,"23":20,"24":0},"b":{"0":[0,0],"1":[0,6],"2":[0,0],"3":[20,2],"4":[20,0]},"_coverageSchema":"43e27e138ebf9cfc5966b082cf9a028302ed4184","hash":"f8b0ed97114b4e08a068cb8a343b9f95119a9121"}
,"/Users/nataliia/Documents/GitHub/cookbook/src/components/Legend/Legend.js": {"path":"/Users/nataliia/Documents/GitHub/cookbook/src/components/Legend/Legend.js","statementMap":{"0":{"start":{"line":5,"column":15},"end":{"line":19,"column":1}},"1":{"start":{"line":6,"column":2},"end":{"line":18,"column":7}},"2":{"start":{"line":8,"column":6},"end":{"line":16,"column":11}},"3":{"start":{"line":21,"column":0},"end":{"line":28,"column":2}}},"fnMap":{"0":{"name":"(anonymous_0)","decl":{"start":{"line":5,"column":15},"end":{"line":5,"column":16}},"loc":{"start":{"line":6,"column":2},"end":{"line":18,"column":7}},"line":6},"1":{"name":"(anonymous_1)","decl":{"start":{"line":7,"column":15},"end":{"line":7,"column":16}},"loc":{"start":{"line":8,"column":6},"end":{"line":16,"column":11}},"line":8}},"branchMap":{},"s":{"0":3,"1":1,"2":3,"3":3},"f":{"0":1,"1":3},"b":{},"_coverageSchema":"43e27e138ebf9cfc5966b082cf9a028302ed4184","hash":"fcc32dd1496e4a8ca64c566d27c32e9bf74db155"}
,"/Users/nataliia/Documents/GitHub/cookbook/src/components/LevelSelector/LevelSelector.js": {"path":"/Users/nataliia/Documents/GitHub/cookbook/src/components/LevelSelector/LevelSelector.js","statementMap":{"0":{"start":{"line":4,"column":22},"end":{"line":12,"column":1}},"1":{"start":{"line":5,"column":2},"end":{"line":11,"column":11}},"2":{"start":{"line":7,"column":6},"end":{"line":9,"column":15}},"3":{"start":{"line":14,"column":0},"end":{"line":18,"column":2}}},"fnMap":{"0":{"name":"(anonymous_0)","decl":{"start":{"line":4,"column":22},"end":{"line":4,"column":23}},"loc":{"start":{"line":5,"column":2},"end":{"line":11,"column":11}},"line":5},"1":{"name":"(anonymous_1)","decl":{"start":{"line":6,"column":17},"end":{"line":6,"column":18}},"loc":{"start":{"line":7,"column":6},"end":{"line":9,"column":15}},"line":7}},"branchMap":{},"s":{"0":4,"1":1,"2":3,"3":4},"f":{"0":1,"1":3},"b":{},"_coverageSchema":"43e27e138ebf9cfc5966b082cf9a028302ed4184","hash":"eba5683367a69720c53cd82b30503435dbac639e"}
,"/Users/nataliia/Documents/GitHub/cookbook/src/components/Modal/Modal.js": {"path":"/Users/nataliia/Documents/GitHub/cookbook/src/components/Modal/Modal.js","statementMap":{"0":{"start":{"line":6,"column":21},"end":{"line":9,"column":3}},"1":{"start":{"line":11,"column":16},"end":{"line":11,"column":27}},"2":{"start":{"line":14,"column":4},"end":{"line":14,"column":60}},"3":{"start":{"line":18,"column":4},"end":{"line":18,"column":63}},"4":{"start":{"line":21,"column":19},"end":{"line":25,"column":3}},"5":{"start":{"line":22,"column":4},"end":{"line":22,"column":36}},"6":{"start":{"line":22,"column":29},"end":{"line":22,"column":36}},"7":{"start":{"line":24,"column":4},"end":{"line":24,"column":25}},"8":{"start":{"line":27,"column":24},"end":{"line":35,"column":3}},"9":{"start":{"line":28,"column":24},"end":{"line":28,"column":40}},"10":{"start":{"line":30,"column":4},"end":{"line":32,"column":5}},"11":{"start":{"line":31,"column":6},"end":{"line":31,"column":13}},"12":{"start":{"line":34,"column":4},"end":{"line":34,"column":25}},"13":{"start":{"line":38,"column":25},"end":{"line":38,"column":35}},"14":{"start":{"line":39,"column":4},"end":{"line":48,"column":6}}},"fnMap":{"0":{"name":"(anonymous_0)","decl":{"start":{"line":13,"column":2},"end":{"line":13,"column":3}},"loc":{"start":{"line":13,"column":22},"end":{"line":15,"column":3}},"line":13},"1":{"name":"(anonymous_1)","decl":{"start":{"line":17,"column":2},"end":{"line":17,"column":3}},"loc":{"start":{"line":17,"column":25},"end":{"line":19,"column":3}},"line":17},"2":{"name":"(anonymous_2)","decl":{"start":{"line":21,"column":19},"end":{"line":21,"column":20}},"loc":{"start":{"line":21,"column":24},"end":{"line":25,"column":3}},"line":21},"3":{"name":"(anonymous_3)","decl":{"start":{"line":27,"column":24},"end":{"line":27,"column":25}},"loc":{"start":{"line":27,"column":29},"end":{"line":35,"column":3}},"line":27},"4":{"name":"(anonymous_4)","decl":{"start":{"line":37,"column":2},"end":{"line":37,"column":3}},"loc":{"start":{"line":37,"column":11},"end":{"line":49,"column":3}},"line":37}},"branchMap":{"0":{"loc":{"start":{"line":22,"column":4},"end":{"line":22,"column":36}},"type":"if","locations":[{"start":{"line":22,"column":4},"end":{"line":22,"column":36}},{"start":{"line":22,"column":4},"end":{"line":22,"column":36}}],"line":22},"1":{"loc":{"start":{"line":30,"column":4},"end":{"line":32,"column":5}},"type":"if","locations":[{"start":{"line":30,"column":4},"end":{"line":32,"column":5}},{"start":{"line":30,"column":4},"end":{"line":32,"column":5}}],"line":30},"2":{"loc":{"start":{"line":30,"column":8},"end":{"line":30,"column":39}},"type":"binary-expr","locations":[{"start":{"line":30,"column":8},"end":{"line":30,"column":15}},{"start":{"line":30,"column":19},"end":{"line":30,"column":39}}],"line":30}},"s":{"0":3,"1":1,"2":1,"3":0,"4":1,"5":0,"6":0,"7":0,"8":1,"9":0,"10":0,"11":0,"12":0,"13":1,"14":1},"f":{"0":1,"1":0,"2":0,"3":0,"4":1},"b":{"0":[0,0],"1":[0,0],"2":[0,0]},"_coverageSchema":"43e27e138ebf9cfc5966b082cf9a028302ed4184","hash":"af1f453f9217863e25c4121cf951dc319336a51c"}
,"/Users/nataliia/Documents/GitHub/cookbook/src/components/Recipe/Recipe.js": {"path":"/Users/nataliia/Documents/GitHub/cookbook/src/components/Recipe/Recipe.js","statementMap":{"0":{"start":{"line":5,"column":15},"end":{"line":41,"column":1}},"1":{"start":{"line":14,"column":2},"end":{"line":40,"column":8}},"2":{"start":{"line":43,"column":0},"end":{"line":46,"column":2}},"3":{"start":{"line":48,"column":0},"end":{"line":56,"column":2}}},"fnMap":{"0":{"name":"(anonymous_0)","decl":{"start":{"line":5,"column":15},"end":{"line":5,"column":16}},"loc":{"start":{"line":14,"column":2},"end":{"line":40,"column":8}},"line":14}},"branchMap":{},"s":{"0":4,"1":1,"2":4,"3":4},"f":{"0":1},"b":{},"_coverageSchema":"43e27e138ebf9cfc5966b082cf9a028302ed4184","hash":"f45c88312fd68b64d1977fefe1ff595c0331a9f8"}
,"/Users/nataliia/Documents/GitHub/cookbook/src/components/RecipeEditor/RecipeEditor.js": {"path":"/Users/nataliia/Documents/GitHub/cookbook/src/components/RecipeEditor/RecipeEditor.js","statementMap":{"0":{"start":{"line":8,"column":16},"end":{"line":8,"column":36}},"1":{"start":{"line":11,"column":21},"end":{"line":19,"column":3}},"2":{"start":{"line":21,"column":24},"end":{"line":27,"column":3}},"3":{"start":{"line":29,"column":10},"end":{"line":35,"column":3}},"4":{"start":{"line":37,"column":17},"end":{"line":41,"column":3}},"5":{"start":{"line":38,"column":4},"end":{"line":40,"column":7}},"6":{"start":{"line":43,"column":17},"end":{"line":55,"column":3}},"7":{"start":{"line":44,"column":4},"end":{"line":44,"column":23}},"8":{"start":{"line":46,"column":4},"end":{"line":46,"column":41}},"9":{"start":{"line":48,"column":4},"end":{"line":54,"column":7}},"10":{"start":{"line":58,"column":41},"end":{"line":58,"column":51}},"11":{"start":{"line":59,"column":25},"end":{"line":59,"column":35}},"12":{"start":{"line":61,"column":4},"end":{"line":106,"column":6}}},"fnMap":{"0":{"name":"(anonymous_0)","decl":{"start":{"line":37,"column":17},"end":{"line":37,"column":18}},"loc":{"start":{"line":37,"column":22},"end":{"line":41,"column":3}},"line":37},"1":{"name":"(anonymous_1)","decl":{"start":{"line":43,"column":17},"end":{"line":43,"column":18}},"loc":{"start":{"line":43,"column":22},"end":{"line":55,"column":3}},"line":43},"2":{"name":"(anonymous_2)","decl":{"start":{"line":57,"column":2},"end":{"line":57,"column":3}},"loc":{"start":{"line":57,"column":11},"end":{"line":107,"column":3}},"line":57}},"branchMap":{},"s":{"0":3,"1":3,"2":3,"3":3,"4":3,"5":0,"6":3,"7":1,"8":1,"9":1,"10":5,"11":5,"12":5},"f":{"0":0,"1":1,"2":5},"b":{},"_coverageSchema":"43e27e138ebf9cfc5966b082cf9a028302ed4184","hash":"3683a79a033dd9683203ddf27dbeb9295fce32bf"}
,"/Users/nataliia/Documents/GitHub/cookbook/src/components/RecipeFilter/RecipeFilter.js": {"path":"/Users/nataliia/Documents/GitHub/cookbook/src/components/RecipeFilter/RecipeFilter.js","statementMap":{"0":{"start":{"line":5,"column":21},"end":{"line":13,"column":1}},"1":{"start":{"line":6,"column":2},"end":{"line":12,"column":4}},"2":{"start":{"line":15,"column":0},"end":{"line":18,"column":2}}},"fnMap":{"0":{"name":"(anonymous_0)","decl":{"start":{"line":5,"column":21},"end":{"line":5,"column":22}},"loc":{"start":{"line":6,"column":2},"end":{"line":12,"column":4}},"line":6}},"branchMap":{},"s":{"0":3,"1":1,"2":3},"f":{"0":1},"b":{},"_coverageSchema":"43e27e138ebf9cfc5966b082cf9a028302ed4184","hash":"66cdb943350008a3fd3e1dd6d38876acf15ae279"}
,"/Users/nataliia/Documents/GitHub/cookbook/src/components/RecipeList/RecipeList.js": {"path":"/Users/nataliia/Documents/GitHub/cookbook/src/components/RecipeList/RecipeList.js","statementMap":{"0":{"start":{"line":7,"column":19},"end":{"line":20,"column":3}},"1":{"start":{"line":8,"column":2},"end":{"line":20,"column":3}},"2":{"start":{"line":11,"column":8},"end":{"line":17,"column":13}},"3":{"start":{"line":14,"column":34},"end":{"line":14,"column":57}},"4":{"start":{"line":15,"column":26},"end":{"line":15,"column":47}},"5":{"start":{"line":22,"column":0},"end":{"line":29,"column":2}}},"fnMap":{"0":{"name":"(anonymous_0)","decl":{"start":{"line":7,"column":19},"end":{"line":7,"column":20}},"loc":{"start":{"line":8,"column":2},"end":{"line":20,"column":3}},"line":8},"1":{"name":"(anonymous_1)","decl":{"start":{"line":10,"column":17},"end":{"line":10,"column":18}},"loc":{"start":{"line":11,"column":8},"end":{"line":17,"column":13}},"line":11},"2":{"name":"(anonymous_2)","decl":{"start":{"line":14,"column":28},"end":{"line":14,"column":29}},"loc":{"start":{"line":14,"column":34},"end":{"line":14,"column":57}},"line":14},"3":{"name":"(anonymous_3)","decl":{"start":{"line":15,"column":20},"end":{"line":15,"column":21}},"loc":{"start":{"line":15,"column":26},"end":{"line":15,"column":47}},"line":15}},"branchMap":{"0":{"loc":{"start":{"line":8,"column":2},"end":{"line":20,"column":3}},"type":"binary-expr","locations":[{"start":{"line":8,"column":2},"end":{"line":8,"column":18}},{"start":{"line":9,"column":4},"end":{"line":19,"column":9}}],"line":8}},"s":{"0":3,"1":1,"2":1,"3":0,"4":0,"5":3},"f":{"0":1,"1":1,"2":0,"3":0},"b":{"0":[1,1]},"_coverageSchema":"43e27e138ebf9cfc5966b082cf9a028302ed4184","hash":"c80136a30fa91cdf70acdaae3f8edc1152d731e9"}
,"/Users/nataliia/Documents/GitHub/cookbook/src/services/recipes-api.js": {"path":"/Users/nataliia/Documents/GitHub/cookbook/src/services/recipes-api.js","statementMap":{"0":{"start":{"line":3,"column":0},"end":{"line":3,"column":49}},"1":{"start":{"line":5,"column":28},"end":{"line":7,"column":1}},"2":{"start":{"line":6,"column":2},"end":{"line":6,"column":63}},"3":{"start":{"line":6,"column":48},"end":{"line":6,"column":61}},"4":{"start":{"line":9,"column":26},"end":{"line":11,"column":1}},"5":{"start":{"line":10,"column":2},"end":{"line":10,"column":72}},"6":{"start":{"line":10,"column":57},"end":{"line":10,"column":70}},"7":{"start":{"line":13,"column":28},"end":{"line":15,"column":1}},"8":{"start":{"line":14,"column":2},"end":{"line":14,"column":40}},"9":{"start":{"line":17,"column":28},"end":{"line":19,"column":1}},"10":{"start":{"line":18,"column":2},"end":{"line":18,"column":79}},"11":{"start":{"line":18,"column":64},"end":{"line":18,"column":77}}},"fnMap":{"0":{"name":"(anonymous_0)","decl":{"start":{"line":5,"column":28},"end":{"line":5,"column":29}},"loc":{"start":{"line":5,"column":34},"end":{"line":7,"column":1}},"line":5},"1":{"name":"(anonymous_1)","decl":{"start":{"line":6,"column":36},"end":{"line":6,"column":37}},"loc":{"start":{"line":6,"column":48},"end":{"line":6,"column":61}},"line":6},"2":{"name":"(anonymous_2)","decl":{"start":{"line":9,"column":26},"end":{"line":9,"column":27}},"loc":{"start":{"line":9,"column":36},"end":{"line":11,"column":1}},"line":9},"3":{"name":"(anonymous_3)","decl":{"start":{"line":10,"column":45},"end":{"line":10,"column":46}},"loc":{"start":{"line":10,"column":57},"end":{"line":10,"column":70}},"line":10},"4":{"name":"(anonymous_4)","decl":{"start":{"line":13,"column":28},"end":{"line":13,"column":29}},"loc":{"start":{"line":13,"column":34},"end":{"line":15,"column":1}},"line":13},"5":{"name":"(anonymous_5)","decl":{"start":{"line":17,"column":28},"end":{"line":17,"column":29}},"loc":{"start":{"line":17,"column":44},"end":{"line":19,"column":1}},"line":17},"6":{"name":"(anonymous_6)","decl":{"start":{"line":18,"column":52},"end":{"line":18,"column":53}},"loc":{"start":{"line":18,"column":64},"end":{"line":18,"column":77}},"line":18}},"branchMap":{},"s":{"0":2,"1":2,"2":14,"3":0,"4":2,"5":0,"6":0,"7":2,"8":0,"9":2,"10":0,"11":0},"f":{"0":14,"1":0,"2":0,"3":0,"4":0,"5":0,"6":0},"b":{},"_coverageSchema":"43e27e138ebf9cfc5966b082cf9a028302ed4184","hash":"2a964a0598bf6238528325befc07b0ef7b93c7ff"}
,"/Users/nataliia/Documents/GitHub/cookbook/src/utils/Level.js": {"path":"/Users/nataliia/Documents/GitHub/cookbook/src/utils/Level.js","statementMap":{},"fnMap":{},"branchMap":{},"s":{},"f":{},"b":{},"_coverageSchema":"43e27e138ebf9cfc5966b082cf9a028302ed4184","hash":"c2c47fb6c2bf23527f02e190225989c6a78ba59e"}
}
