TN:
SF:/Users/nataliia/Documents/GitHub/cookbook/src/index.js
FNF:0
FNH:0
DA:6,1
LF:1
LH:1
BRF:0
BRH:0
end_of_record
TN:
SF:/Users/nataliia/Documents/GitHub/cookbook/src/components/App/App.js
FN:13,(anonymous_0)
FN:14,(anonymous_1)
FN:43,(anonymous_2)
FN:45,(anonymous_3)
FN:49,(anonymous_4)
FN:55,(anonymous_5)
FN:60,(anonymous_6)
FN:69,(anonymous_7)
FN:74,(anonymous_8)
FN:78,(anonymous_9)
FN:82,(anonymous_10)
FN:89,(anonymous_11)
FN:90,(anonymous_12)
FN:98,(anonymous_13)
FN:99,(anonymous_14)
FN:100,(anonymous_15)
FN:101,(anonymous_16)
FN:107,(anonymous_17)
FN:114,(anonymous_18)
FN:121,(anonymous_19)
FN:127,(anonymous_20)
FN:129,(anonymous_21)
FN:130,(anonymous_22)
FN:139,(anonymous_23)
FN:148,(anonymous_24)
FNF:25
FNH:4
FNDA:20,(anonymous_0)
FNDA:0,(anonymous_1)
FNDA:14,(anonymous_2)
FNDA:0,(anonymous_3)
FNDA:0,(anonymous_4)
FNDA:0,(anonymous_5)
FNDA:6,(anonymous_6)
FNDA:0,(anonymous_7)
FNDA:0,(anonymous_8)
FNDA:0,(anonymous_9)
FNDA:0,(anonymous_10)
FNDA:0,(anonymous_11)
FNDA:0,(anonymous_12)
FNDA:0,(anonymous_13)
FNDA:0,(anonymous_14)
FNDA:0,(anonymous_15)
FNDA:0,(anonymous_16)
FNDA:0,(anonymous_17)
FNDA:0,(anonymous_18)
FNDA:0,(anonymous_19)
FNDA:0,(anonymous_20)
FNDA:0,(anonymous_21)
FNDA:0,(anonymous_22)
FNDA:20,(anonymous_23)
FNDA:0,(anonymous_24)
DA:11,2
DA:13,2
DA:14,20
DA:15,0
DA:19,2
DA:26,14
DA:44,14
DA:46,0
DA:47,0
DA:50,0
DA:51,0
DA:52,0
DA:56,0
DA:61,6
DA:63,6
DA:64,0
DA:69,14
DA:70,0
DA:74,14
DA:75,0
DA:78,14
DA:79,0
DA:82,14
DA:83,0
DA:88,0
DA:90,0
DA:98,14
DA:99,0
DA:100,0
DA:101,0
DA:107,14
DA:108,0
DA:114,14
DA:115,0
DA:121,14
DA:122,0
DA:128,0
DA:129,0
DA:131,0
DA:146,20
DA:147,20
DA:148,20
DA:150,20
LF:43
LH:20
BRDA:51,0,0,0
BRDA:51,0,1,0
BRDA:63,1,0,0
BRDA:63,1,1,6
BRDA:131,2,0,0
BRDA:131,2,1,0
BRDA:184,3,0,20
BRDA:184,3,1,2
BRDA:192,4,0,20
BRDA:192,4,1,0
BRF:10
BRH:4
end_of_record
TN:
SF:/Users/nataliia/Documents/GitHub/cookbook/src/components/Legend/Legend.js
FN:5,(anonymous_0)
FN:7,(anonymous_1)
FNF:2
FNH:2
FNDA:1,(anonymous_0)
FNDA:3,(anonymous_1)
DA:5,3
DA:6,1
DA:8,3
DA:21,3
LF:4
LH:4
BRF:0
BRH:0
end_of_record
TN:
SF:/Users/nataliia/Documents/GitHub/cookbook/src/components/LevelSelector/LevelSelector.js
FN:4,(anonymous_0)
FN:6,(anonymous_1)
FNF:2
FNH:2
FNDA:1,(anonymous_0)
FNDA:3,(anonymous_1)
DA:4,4
DA:5,1
DA:7,3
DA:14,4
LF:4
LH:4
BRF:0
BRH:0
end_of_record
TN:
SF:/Users/nataliia/Documents/GitHub/cookbook/src/components/Modal/Modal.js
FN:13,(anonymous_0)
FN:17,(anonymous_1)
FN:21,(anonymous_2)
FN:27,(anonymous_3)
FN:37,(anonymous_4)
FNF:5
FNH:2
FNDA:1,(anonymous_0)
FNDA:0,(anonymous_1)
FNDA:0,(anonymous_2)
FNDA:0,(anonymous_3)
FNDA:1,(anonymous_4)
DA:6,3
DA:11,1
DA:14,1
DA:18,0
DA:21,1
DA:22,0
DA:24,0
DA:27,1
DA:28,0
DA:30,0
DA:31,0
DA:34,0
DA:38,1
DA:39,1
LF:14
LH:7
BRDA:22,0,0,0
BRDA:22,0,1,0
BRDA:30,1,0,0
BRDA:30,1,1,0
BRDA:30,2,0,0
BRDA:30,2,1,0
BRF:6
BRH:0
end_of_record
TN:
SF:/Users/nataliia/Documents/GitHub/cookbook/src/components/Recipe/Recipe.js
FN:5,(anonymous_0)
FNF:1
FNH:1
FNDA:1,(anonymous_0)
DA:5,4
DA:14,1
DA:43,4
DA:48,4
LF:4
LH:4
BRF:0
BRH:0
end_of_record
TN:
SF:/Users/nataliia/Documents/GitHub/cookbook/src/components/RecipeEditor/RecipeEditor.js
FN:37,(anonymous_0)
FN:43,(anonymous_1)
FN:57,(anonymous_2)
FNF:3
FNH:2
FNDA:0,(anonymous_0)
FNDA:1,(anonymous_1)
FNDA:5,(anonymous_2)
DA:8,3
DA:11,3
DA:21,3
DA:29,3
DA:37,3
DA:38,0
DA:43,3
DA:44,1
DA:46,1
DA:48,1
DA:58,5
DA:59,5
DA:61,5
LF:13
LH:12
BRF:0
BRH:0
end_of_record
TN:
SF:/Users/nataliia/Documents/GitHub/cookbook/src/components/RecipeFilter/RecipeFilter.js
FN:5,(anonymous_0)
FNF:1
FNH:1
FNDA:1,(anonymous_0)
DA:5,3
DA:6,1
DA:15,3
LF:3
LH:3
BRF:0
BRH:0
end_of_record
TN:
SF:/Users/nataliia/Documents/GitHub/cookbook/src/components/RecipeList/RecipeList.js
FN:7,(anonymous_0)
FN:10,(anonymous_1)
FN:14,(anonymous_2)
FN:15,(anonymous_3)
FNF:4
FNH:2
FNDA:1,(anonymous_0)
FNDA:1,(anonymous_1)
FNDA:0,(anonymous_2)
FNDA:0,(anonymous_3)
DA:7,3
DA:8,1
DA:11,1
DA:14,0
DA:15,0
DA:22,3
LF:6
LH:4
BRDA:8,0,0,1
BRDA:8,0,1,1
BRF:2
BRH:2
end_of_record
TN:
SF:/Users/nataliia/Documents/GitHub/cookbook/src/services/recipes-api.js
FN:5,(anonymous_0)
FN:6,(anonymous_1)
FN:9,(anonymous_2)
FN:10,(anonymous_3)
FN:13,(anonymous_4)
FN:17,(anonymous_5)
FN:18,(anonymous_6)
FNF:7
FNH:1
FNDA:14,(anonymous_0)
FNDA:0,(anonymous_1)
FNDA:0,(anonymous_2)
FNDA:0,(anonymous_3)
FNDA:0,(anonymous_4)
FNDA:0,(anonymous_5)
FNDA:0,(anonymous_6)
DA:3,2
DA:5,2
DA:6,14
DA:9,2
DA:10,0
DA:13,2
DA:14,0
DA:17,2
DA:18,0
LF:9
LH:6
BRF:0
BRH:0
end_of_record
TN:
SF:/Users/nataliia/Documents/GitHub/cookbook/src/utils/Level.js
FNF:0
FNH:0
LF:0
LH:0
BRF:0
BRH:0
end_of_record
