TN:
SF:/Users/nataliia/Documents/GitHub/cookbook/src/index.js
FNF:0
FNH:0
DA:7,1
LF:1
LH:1
BRF:0
BRH:0
end_of_record
TN:
SF:/Users/nataliia/Documents/GitHub/cookbook/src/components/App/App.js
FN:11,(anonymous_0)
FNF:1
FNH:1
FNDA:7,(anonymous_0)
DA:11,2
DA:12,7
LF:2
LH:2
BRF:0
BRH:0
end_of_record
TN:
SF:/Users/nataliia/Documents/GitHub/cookbook/src/components/BurgerMenu/BurgerMenu.js
FN:6,(anonymous_0)
FNF:1
FNH:1
FNDA:6,(anonymous_0)
DA:6,5
DA:7,6
LF:2
LH:2
BRF:0
BRH:0
end_of_record
TN:
SF:/Users/nataliia/Documents/GitHub/cookbook/src/components/ButtonAdd/ButtonAdd.js
FN:6,(anonymous_0)
FN:23,(anonymous_1)
FNF:2
FNH:1
FNDA:3,(anonymous_0)
FNDA:0,(anonymous_1)
DA:6,4
DA:7,3
DA:14,4
DA:20,4
DA:23,0
LF:5
LH:4
BRF:0
BRH:0
end_of_record
TN:
SF:/Users/nataliia/Documents/GitHub/cookbook/src/components/ButtonAuthorization/ButtonAuthorization.js
FN:6,(anonymous_0)
FN:23,(anonymous_1)
FNF:2
FNH:1
FNDA:4,(anonymous_0)
FNDA:0,(anonymous_1)
DA:6,5
DA:7,4
DA:14,5
DA:20,5
DA:23,0
LF:5
LH:4
BRF:0
BRH:0
end_of_record
TN:
SF:/Users/nataliia/Documents/GitHub/cookbook/src/components/ButtonEditor/ButtonEditor.js
FN:6,(anonymous_0)
FN:23,(anonymous_1)
FNF:2
FNH:1
FNDA:3,(anonymous_0)
FNDA:0,(anonymous_1)
DA:6,5
DA:7,3
DA:14,5
DA:20,5
DA:23,0
LF:5
LH:4
BRF:0
BRH:0
end_of_record
TN:
SF:/Users/nataliia/Documents/GitHub/cookbook/src/components/ButtonItem/ButtonItem.js
FN:6,(anonymous_0)
FN:23,(anonymous_1)
FNF:2
FNH:1
FNDA:2,(anonymous_0)
FNDA:0,(anonymous_1)
DA:6,6
DA:7,2
DA:14,6
DA:20,6
DA:23,0
LF:5
LH:4
BRF:0
BRH:0
end_of_record
TN:
SF:/Users/nataliia/Documents/GitHub/cookbook/src/components/Footer/Footer.js
FN:4,(anonymous_0)
FNF:1
FNH:1
FNDA:6,(anonymous_0)
DA:4,3
DA:5,6
LF:2
LH:2
BRF:0
BRH:0
end_of_record
TN:
SF:/Users/nataliia/Documents/GitHub/cookbook/src/components/Header/Header.js
FN:5,(anonymous_0)
FNF:1
FNH:1
FNDA:6,(anonymous_0)
DA:5,3
DA:6,6
LF:2
LH:2
BRF:0
BRH:0
end_of_record
TN:
SF:/Users/nataliia/Documents/GitHub/cookbook/src/components/Legend/Legend.js
FN:5,(anonymous_0)
FN:7,(anonymous_1)
FNF:2
FNH:2
FNDA:2,(anonymous_0)
FNDA:6,(anonymous_1)
DA:5,4
DA:6,2
DA:8,6
DA:21,4
LF:4
LH:4
BRF:0
BRH:0
end_of_record
TN:
SF:/Users/nataliia/Documents/GitHub/cookbook/src/components/LevelSelector/LevelSelector.js
FN:4,(anonymous_0)
FN:6,(anonymous_1)
FNF:2
FNH:2
FNDA:1,(anonymous_0)
FNDA:3,(anonymous_1)
DA:4,5
DA:5,1
DA:7,3
DA:14,5
LF:4
LH:4
BRF:0
BRH:0
end_of_record
TN:
SF:/Users/nataliia/Documents/GitHub/cookbook/src/components/LinkGoogle/LinkGoogle.js
FN:5,(anonymous_0)
FNF:1
FNH:1
FNDA:3,(anonymous_0)
DA:5,5
DA:6,3
LF:2
LH:2
BRF:0
BRH:0
end_of_record
TN:
SF:/Users/nataliia/Documents/GitHub/cookbook/src/components/LogInForm/LogInForm.js
FN:35,(anonymous_0)
FN:41,(anonymous_1)
FN:47,(anonymous_2)
FN:50,(anonymous_3)
FN:52,(anonymous_4)
FN:61,(anonymous_5)
FNF:6
FNH:2
FNDA:2,(anonymous_0)
FNDA:0,(anonymous_1)
FNDA:0,(anonymous_2)
FNDA:0,(anonymous_3)
FNDA:0,(anonymous_4)
FNDA:6,(anonymous_5)
DA:10,3
DA:15,3
DA:24,4
DA:30,4
DA:35,4
DA:36,2
DA:41,4
DA:42,0
DA:44,0
DA:46,0
DA:48,0
DA:51,0
DA:52,0
DA:53,0
DA:55,0
DA:62,6
DA:63,6
LF:17
LH:9
BRDA:85,0,0,6
BRDA:85,0,1,0
BRDA:101,1,0,6
BRDA:101,1,1,0
BRF:4
BRH:2
end_of_record
TN:
SF:/Users/nataliia/Documents/GitHub/cookbook/src/components/Modal/Modal.js
FN:13,(anonymous_0)
FN:17,(anonymous_1)
FN:21,(anonymous_2)
FN:27,(anonymous_3)
FN:37,(anonymous_4)
FNF:5
FNH:2
FNDA:1,(anonymous_0)
FNDA:0,(anonymous_1)
FNDA:0,(anonymous_2)
FNDA:0,(anonymous_3)
FNDA:1,(anonymous_4)
DA:6,4
DA:11,1
DA:14,1
DA:18,0
DA:21,1
DA:22,0
DA:24,0
DA:27,1
DA:28,0
DA:30,0
DA:31,0
DA:34,0
DA:38,1
DA:39,1
LF:14
LH:7
BRDA:22,0,0,0
BRDA:22,0,1,0
BRDA:30,1,0,0
BRDA:30,1,1,0
BRDA:30,2,0,0
BRDA:30,2,1,0
BRF:6
BRH:0
end_of_record
TN:
SF:/Users/nataliia/Documents/GitHub/cookbook/src/components/Navigation/Navigation.js
FN:8,(anonymous_0)
FNF:1
FNH:1
FNDA:6,(anonymous_0)
DA:8,4
DA:9,6
LF:2
LH:2
BRF:0
BRH:0
end_of_record
TN:
SF:/Users/nataliia/Documents/GitHub/cookbook/src/components/RecipeEditor/RecipeEditor.js
FN:25,(anonymous_0)
FN:26,(anonymous_1)
FN:42,(anonymous_2)
FN:48,(anonymous_3)
FN:62,(anonymous_4)
FNF:5
FNH:3
FNDA:0,(anonymous_0)
FNDA:0,(anonymous_1)
FNDA:1,(anonymous_2)
FNDA:1,(anonymous_3)
FNDA:6,(anonymous_4)
DA:9,4
DA:12,4
DA:24,4
DA:25,0
DA:26,0
DA:34,3
DA:42,3
DA:43,1
DA:48,3
DA:49,1
DA:51,1
DA:53,1
DA:63,6
DA:64,6
DA:66,6
LF:15
LH:13
BRF:0
BRH:0
end_of_record
TN:
SF:/Users/nataliia/Documents/GitHub/cookbook/src/components/RecipeFilter/RecipeFilter.js
FN:5,(anonymous_0)
FNF:1
FNH:1
FNDA:2,(anonymous_0)
DA:5,4
DA:6,2
DA:15,4
LF:3
LH:3
BRF:0
BRH:0
end_of_record
TN:
SF:/Users/nataliia/Documents/GitHub/cookbook/src/components/RecipeItem/RecipeItem.js
FN:6,(anonymous_0)
FN:37,(anonymous_1)
FN:38,(anonymous_2)
FNF:3
FNH:1
FNDA:1,(anonymous_0)
FNDA:0,(anonymous_1)
FNDA:0,(anonymous_2)
DA:6,5
DA:15,1
DA:31,5
DA:37,0
DA:38,0
DA:43,5
LF:6
LH:4
BRF:0
BRH:0
end_of_record
TN:
SF:/Users/nataliia/Documents/GitHub/cookbook/src/components/RecipeList/RecipeList.js
FN:7,(anonymous_0)
FN:10,(anonymous_1)
FN:14,(anonymous_2)
FN:15,(anonymous_3)
FNF:4
FNH:2
FNDA:2,(anonymous_0)
FNDA:1,(anonymous_1)
FNDA:0,(anonymous_2)
FNDA:0,(anonymous_3)
DA:7,4
DA:8,2
DA:11,1
DA:14,0
DA:15,0
DA:22,4
LF:6
LH:4
BRDA:8,0,0,2
BRDA:8,0,1,1
BRF:2
BRH:2
end_of_record
TN:
SF:/Users/nataliia/Documents/GitHub/cookbook/src/components/SignUpForm/SignUpForm.js
FN:42,(anonymous_0)
FN:48,(anonymous_1)
FN:54,(anonymous_2)
FN:57,(anonymous_3)
FN:59,(anonymous_4)
FN:68,(anonymous_5)
FNF:6
FNH:2
FNDA:3,(anonymous_0)
FNDA:0,(anonymous_1)
FNDA:0,(anonymous_2)
FNDA:0,(anonymous_3)
FNDA:0,(anonymous_4)
FNDA:8,(anonymous_5)
DA:10,3
DA:16,3
DA:29,5
DA:36,5
DA:42,5
DA:43,3
DA:48,5
DA:49,0
DA:51,0
DA:53,0
DA:55,0
DA:58,0
DA:59,0
DA:60,0
DA:62,0
DA:69,8
DA:70,8
LF:17
LH:9
BRDA:92,0,0,8
BRDA:92,0,1,0
BRDA:108,1,0,8
BRDA:108,1,1,0
BRDA:124,2,0,8
BRDA:124,2,1,0
BRF:6
BRH:3
end_of_record
TN:
SF:/Users/nataliia/Documents/GitHub/cookbook/src/containers/MainContainer/MainContainer.js
FN:14,(anonymous_0)
FN:15,(anonymous_1)
FN:36,(anonymous_2)
FN:53,(anonymous_3)
FN:61,(anonymous_4)
FN:66,(anonymous_5)
FN:70,(anonymous_6)
FN:74,(anonymous_7)
FN:82,(anonymous_8)
FN:90,(anonymous_9)
FN:91,(anonymous_10)
FN:92,(anonymous_11)
FN:97,(anonymous_12)
FN:104,(anonymous_13)
FN:111,(anonymous_14)
FN:113,(anonymous_15)
FN:114,(anonymous_16)
FN:130,(anonymous_17)
FN:141,(anonymous_18)
FNF:19
FNH:4
FNDA:8,(anonymous_0)
FNDA:0,(anonymous_1)
FNDA:2,(anonymous_2)
FNDA:6,(anonymous_3)
FNDA:0,(anonymous_4)
FNDA:0,(anonymous_5)
FNDA:0,(anonymous_6)
FNDA:0,(anonymous_7)
FNDA:0,(anonymous_8)
FNDA:0,(anonymous_9)
FNDA:0,(anonymous_10)
FNDA:0,(anonymous_11)
FNDA:0,(anonymous_12)
FNDA:0,(anonymous_13)
FNDA:0,(anonymous_14)
FNDA:0,(anonymous_15)
FNDA:0,(anonymous_16)
FNDA:8,(anonymous_17)
FNDA:0,(anonymous_18)
DA:12,3
DA:14,3
DA:15,8
DA:16,0
DA:20,3
DA:27,2
DA:37,2
DA:38,2
DA:39,2
DA:41,2
DA:42,0
DA:44,0
DA:46,2
DA:49,2
DA:54,6
DA:56,6
DA:57,0
DA:61,2
DA:62,0
DA:66,2
DA:67,0
DA:70,2
DA:71,0
DA:74,2
DA:75,0
DA:81,0
DA:82,0
DA:90,2
DA:91,0
DA:92,0
DA:97,2
DA:98,0
DA:104,2
DA:105,0
DA:111,2
DA:112,0
DA:113,0
DA:115,0
DA:137,8
DA:138,8
DA:139,8
DA:140,8
DA:141,0
DA:144,8
LF:44
LH:26
BRDA:41,0,0,0
BRDA:41,0,1,2
BRDA:56,1,0,0
BRDA:56,1,1,6
BRDA:115,2,0,0
BRDA:115,2,1,0
BRDA:140,3,0,0
BRDA:140,3,1,8
BRDA:160,4,0,8
BRDA:160,4,1,2
BRDA:168,5,0,8
BRDA:168,5,1,0
BRF:12
BRH:6
end_of_record
TN:
SF:/Users/nataliia/Documents/GitHub/cookbook/src/pages/AboutPage/AboutPage.js
FN:6,(anonymous_0)
FNF:1
FNH:1
FNDA:1,(anonymous_0)
DA:6,2
DA:7,1
LF:2
LH:2
BRF:0
BRH:0
end_of_record
TN:
SF:/Users/nataliia/Documents/GitHub/cookbook/src/pages/HomePage/HomePage.js
FN:6,(anonymous_0)
FNF:1
FNH:1
FNDA:1,(anonymous_0)
DA:6,2
DA:7,1
LF:2
LH:2
BRF:0
BRH:0
end_of_record
TN:
SF:/Users/nataliia/Documents/GitHub/cookbook/src/pages/LogInPage/LogInPage.js
FN:8,(anonymous_0)
FNF:1
FNH:1
FNDA:1,(anonymous_0)
DA:8,2
DA:9,1
LF:2
LH:2
BRF:0
BRH:0
end_of_record
TN:
SF:/Users/nataliia/Documents/GitHub/cookbook/src/pages/MyRecipesPage/MyRecipesPage.js
FN:7,(anonymous_0)
FNF:1
FNH:1
FNDA:1,(anonymous_0)
DA:7,2
DA:8,1
LF:2
LH:2
BRF:0
BRH:0
end_of_record
TN:
SF:/Users/nataliia/Documents/GitHub/cookbook/src/pages/NotFoundPage/NotFoundPage.js
FN:7,(anonymous_0)
FNF:1
FNH:1
FNDA:1,(anonymous_0)
DA:7,2
DA:8,1
LF:2
LH:2
BRF:0
BRH:0
end_of_record
TN:
SF:/Users/nataliia/Documents/GitHub/cookbook/src/pages/SignUpPage/SignUpPage.js
FN:7,(anonymous_0)
FNF:1
FNH:1
FNDA:1,(anonymous_0)
DA:7,2
DA:8,1
LF:2
LH:2
BRF:0
BRH:0
end_of_record
TN:
SF:/Users/nataliia/Documents/GitHub/cookbook/src/routes/routes.js
FNF:0
FNH:0
LF:0
LH:0
BRF:0
BRH:0
end_of_record
TN:
SF:/Users/nataliia/Documents/GitHub/cookbook/src/utils/Level.js
FNF:0
FNH:0
LF:0
LH:0
BRF:0
BRH:0
end_of_record
